<?xml version="1.0" encoding="UTF-8"?>
<!-- Generated by org.testng.reporters.JUnitXMLReporter -->
<testsuite ignored="0" hostname="LAPTOP-NPEQ6NRP" failures="1" tests="13" name="Test" time="380.372" errors="0" timestamp="2025-05-20T12:58:25 IST">
  <testcase classname="packageofamazonproject.Amazon_Project_Gtm.Testcase2_LoginWithValidCred" name="login_validcredentials" time="10.705"/>
  <testcase classname="packageofamazonproject.Amazon_Project_Gtm.Testcase3_LoginWithInValidCred" name="login_invalidcredentials" time="9.621"/>
  <testcase classname="packageofamazonproject.Amazon_Project_Gtm.Testcase4_ManageWithEdit_Profile" name="manage_profiles" time="37.817"/>
  <testcase classname="packageofamazonproject.Amazon_Project_Gtm.Testcase5_SearchProduct" name="login_searchproduct" time="17.975"/>
  <testcase classname="packageofamazonproject.Amazon_Project_Gtm.Testcase7_Login_Search_Productinfo" name="login_search_productinformation" time="20.919">
    <skipped/>
  </testcase> <!-- login_search_productinformation -->
  <testcase classname="packageofamazonproject.Amazon_Project_Gtm.Testcase7_Login_Search_Productinfo" name="login_search_productinformation" time="20.331">
    <skipped/>
  </testcase> <!-- login_search_productinformation -->
  <testcase classname="packageofamazonproject.Amazon_Project_Gtm.Testcase7_Login_Search_Productinfo" name="login_search_productinformation" time="19.394">
    <failure type="org.openqa.selenium.NoSuchElementException" message="no such element: Unable to locate element: {&amp;quot;method&amp;quot;:&amp;quot;css selector&amp;quot;,&amp;quot;selector&amp;quot;:&amp;quot;#aplus&amp;quot;}
  (Session info: MicrosoftEdge=136.0.3240.76)
For documentation on this error, please visit: https://www.selenium.dev/documentation/webdriver/troubleshooting/errors#no-such-element-exception
Build info: version: &amp;apos;4.27.0&amp;apos;, revision: &amp;apos;d6e718d134&amp;apos;
System info: os.name: &amp;apos;Windows 11&amp;apos;, os.arch: &amp;apos;amd64&amp;apos;, os.version: &amp;apos;10.0&amp;apos;, java.version: &amp;apos;21.0.5&amp;apos;
Driver info: org.openqa.selenium.edge.EdgeDriver
Command: [f014f13d650d275bbbd0adafa4be94ae, findElement {using=id, value=aplus}]
Capabilities {acceptInsecureCerts: false, browserName: MicrosoftEdge, browserVersion: 136.0.3240.76, fedcm:accounts: true, ms:edgeOptions: {debuggerAddress: localhost:60342}, msedge: {msedgedriverVersion: 136.0.3240.76 (77e9ec69748f..., userDataDir: C:\Users\lenovo\AppData\Loc...}, networkConnectionEnabled: false, pageLoadStrategy: normal, platformName: windows, proxy: Proxy(), se:cdp: ws://localhost:60342/devtoo..., se:cdpVersion: 136.0.3240.76, setWindowRect: true, strictFileInteractability: false, timeouts: {implicit: 0, pageLoad: 300000, script: 30000}, unhandledPromptBehavior: dismiss and notify, webauthn:extension:credBlob: true, webauthn:extension:largeBlob: true, webauthn:extension:minPinLength: true, webauthn:extension:prf: true, webauthn:virtualAuthenticators: true}
Session ID: f014f13d650d275bbbd0adafa4be94ae">
      <![CDATA[org.openqa.selenium.NoSuchElementException: no such element: Unable to locate element: {"method":"css selector","selector":"#aplus"}
  (Session info: MicrosoftEdge=136.0.3240.76)
For documentation on this error, please visit: https://www.selenium.dev/documentation/webdriver/troubleshooting/errors#no-such-element-exception
Build info: version: '4.27.0', revision: 'd6e718d134'
System info: os.name: 'Windows 11', os.arch: 'amd64', os.version: '10.0', java.version: '21.0.5'
Driver info: org.openqa.selenium.edge.EdgeDriver
Command: [f014f13d650d275bbbd0adafa4be94ae, findElement {using=id, value=aplus}]
Capabilities {acceptInsecureCerts: false, browserName: MicrosoftEdge, browserVersion: 136.0.3240.76, fedcm:accounts: true, ms:edgeOptions: {debuggerAddress: localhost:60342}, msedge: {msedgedriverVersion: 136.0.3240.76 (77e9ec69748f..., userDataDir: C:\Users\lenovo\AppData\Loc...}, networkConnectionEnabled: false, pageLoadStrategy: normal, platformName: windows, proxy: Proxy(), se:cdp: ws://localhost:60342/devtoo..., se:cdpVersion: 136.0.3240.76, setWindowRect: true, strictFileInteractability: false, timeouts: {implicit: 0, pageLoad: 300000, script: 30000}, unhandledPromptBehavior: dismiss and notify, webauthn:extension:credBlob: true, webauthn:extension:largeBlob: true, webauthn:extension:minPinLength: true, webauthn:extension:prf: true, webauthn:virtualAuthenticators: true}
Session ID: f014f13d650d275bbbd0adafa4be94ae
at org.openqa.selenium.remote.ErrorCodec.decode(ErrorCodec.java:167)
at org.openqa.selenium.remote.codec.w3c.W3CHttpResponseCodec.decode(W3CHttpResponseCodec.java:138)
at org.openqa.selenium.remote.codec.w3c.W3CHttpResponseCodec.decode(W3CHttpResponseCodec.java:50)
at org.openqa.selenium.remote.HttpCommandExecutor.execute(HttpCommandExecutor.java:190)
at org.openqa.selenium.remote.service.DriverCommandExecutor.invokeExecute(DriverCommandExecutor.java:216)
at org.openqa.selenium.remote.service.DriverCommandExecutor.execute(DriverCommandExecutor.java:174)
at org.openqa.selenium.remote.RemoteWebDriver.execute(RemoteWebDriver.java:545)
at org.openqa.selenium.remote.ElementLocation$ElementFinder$2.findElement(ElementLocation.java:165)
at org.openqa.selenium.remote.ElementLocation.findElement(ElementLocation.java:59)
at org.openqa.selenium.remote.RemoteWebDriver.findElement(RemoteWebDriver.java:368)
at org.openqa.selenium.remote.RemoteWebDriver.findElement(RemoteWebDriver.java:362)
at org.openqa.selenium.support.pagefactory.DefaultElementLocator.findElement(DefaultElementLocator.java:68)
at org.openqa.selenium.support.pagefactory.internal.LocatingElementHandler.invoke(LocatingElementHandler.java:38)
at jdk.proxy2/jdk.proxy2.$Proxy10.isDisplayed(Unknown Source)
at packageofamazonproject.Amazon_Project_Gtm.ProductdetailPage.proddetail(ProductdetailPage.java:46)
at packageofamazonproject.Amazon_Project_Gtm.Testcase7_Login_Search_Productinfo.login_search_productinformation(Testcase7_Login_Search_Productinfo.java:32)
at java.base/java.util.ArrayList.forEach(ArrayList.java:1596)
... Removed 32 stack frames]]>
    </failure>
  </testcase> <!-- login_search_productinformation -->
  <testcase classname="packageofamazonproject.Amazon_Project_Gtm.Testcase8_Login_Search_Productsorting" name="login_search_modifyvalue_sorting" time="12.941"/>
  <testcase classname="packageofamazonproject.Amazon_Project_Gtm.Testcase9_Login_Search_Addtocart" name="addtocart" time="22.789"/>
  <testcase classname="packageofamazonproject.Amazon_Project_Gtm.Testcase10_Login_Search_Cart_Updateqty" name="addtocart_updateqty_removeitems" time="34.925"/>
  <testcase classname="packageofamazonproject.Amazon_Project_Gtm.Testcase12_SelectEachPaymentMethod" name="paymentMethod_Selection" time="36.4"/>
  <testcase classname="packageofamazonproject.Amazon_Project_Gtm.Testcase13_Checkout_Couponapply" name="coupon_codeapply" time="27.536"/>
  <testcase classname="packageofamazonproject.Amazon_Project_Gtm.Testcase15_Search_Addtocart_Checkout_Withoutlogin" name="amazonprocess_withoutlogin" time="13.424"/>
</testsuite> <!-- Test -->
